WARNING: A terminally deprecated method in sun.misc.Unsafe has been called
WARNING: sun.misc.Unsafe::staticFieldBase has been called by com.google.inject.internal.aop.HiddenClassDefiner (file:/C:/Users/kmian/Desktop/MCBukkit/LiSeasons/.miacode/tools/maven/apache-maven-3.9.11/lib/guice-5.1.0-classes.jar)
WARNING: Please consider reporting this to the maintainers of class com.google.inject.internal.aop.HiddenClassDefiner
WARNING: sun.misc.Unsafe::staticFieldBase will be removed in a future release
[INFO] Scanning for projects...
[WARNING] 
[WARNING] Some problems were encountered while building the effective model for com.liseasons:LISeasons:jar:1.0.20
[WARNING] 'dependencies.dependency.systemPath' for packetevents:packetevents-spigot:jar should not point at files within the project directory, ${project.basedir}/lib/packetevents-spigot-2.12.1.jar will be unresolvable by dependent projects @ line 44, column 25
[WARNING] 
[WARNING] It is highly recommended to fix these problems because they threaten the stability of your build.
[WARNING] 
[WARNING] For this reason, future Maven versions might no longer support building such malformed projects.
[WARNING] 
[INFO] 
[INFO] ----------------------< com.liseasons:LISeasons >-----------------------
[INFO] Building LISeasons 1.0.20
[INFO]   from pom.xml
[INFO] --------------------------------[ jar ]---------------------------------
[INFO] 
[INFO] --- resources:3.3.1:resources (default-resources) @ LISeasons ---
[INFO] Copying 14 resources from src\main\resources to target\classes
[INFO] 
[INFO] --- compiler:3.13.0:compile (default-compile) @ LISeasons ---
[INFO] Recompiling the module because of changed source code.
[INFO] Compiling 77 source files with javac [debug release 21] to target\classes
[INFO] /C:/Users/kmian/Desktop/MCBukkit/LiSeasons/src/main/java/com/liseasons/calendar/CalendarMenu.java: ФГаЉЪфШыЮФМўЪЙгУЛђИВИЧСЫвбЙ§ЪБЕФ APIЁЃ
[INFO] /C:/Users/kmian/Desktop/MCBukkit/LiSeasons/src/main/java/com/liseasons/calendar/CalendarMenu.java: гаЙиЯъЯИаХЯЂ, ЧыЪЙгУ -Xlint:deprecation жиаТБрвыЁЃ
[INFO] -------------------------------------------------------------
[WARNING] COMPILATION WARNING : 
[INFO] -------------------------------------------------------------
[WARNING] /C:/Users/kmian/Desktop/MCBukkit/LiSeasons/src/main/java/com/liseasons/season/RealTimeClockService.java:[42,39] org.bukkit.GameRule жаЕФ DO_DAYLIGHT_CYCLE вбЙ§ЪБ, ЧвБъМЧЮЊД§ЩОГ§
[WARNING] /C:/Users/kmian/Desktop/MCBukkit/LiSeasons/src/main/java/com/liseasons/season/RealTimeClockService.java:[53,66] org.bukkit.GameRule жаЕФ DO_DAYLIGHT_CYCLE вбЙ§ЪБ, ЧвБъМЧЮЊД§ЩОГ§
[WARNING] /C:/Users/kmian/Desktop/MCBukkit/LiSeasons/src/main/java/com/liseasons/season/RealTimeClockService.java:[55,47] org.bukkit.GameRule жаЕФ DO_DAYLIGHT_CYCLE вбЙ§ЪБ, ЧвБъМЧЮЊД§ЩОГ§
[WARNING] /C:/Users/kmian/Desktop/MCBukkit/LiSeasons/src/main/java/com/liseasons/event/SeasonEventEffectExecutor.java:[177,25] org.bukkit.Sound жаЕФ valueOf(@org.jetbrains.annotations.NotNull java.lang.String) вбЙ§ЪБ, ЧвБъМЧЮЊД§ЩОГ§
[WARNING] /C:/Users/kmian/Desktop/MCBukkit/LiSeasons/src/main/java/com/liseasons/listener/SeasonMobListener.java:[80,60] org.bukkit.event.entity.CreatureSpawnEvent.SpawnReason жаЕФ CHUNK_GEN вбЙ§ЪБ, ЧвБъМЧЮЊД§ЩОГ§
[INFO] 5 warnings 
[INFO] -------------------------------------------------------------
[INFO] -------------------------------------------------------------
[ERROR] COMPILATION ERROR : 
[INFO] -------------------------------------------------------------
[ERROR] /C:/Users/kmian/Desktop/MCBukkit/LiSeasons/src/main/java/com/liseasons/config/ConfigManager.java:[277,20] вбдкЗНЗЈ loadLayoutIcons(org.bukkit.configuration.file.FileConfiguration,java.lang.String)жаЖЈвхСЫБфСП path
[INFO] 1 error
[INFO] -------------------------------------------------------------
[INFO] ------------------------------------------------------------------------
[INFO] BUILD FAILURE
[INFO] ------------------------------------------------------------------------
[INFO] Total time:  3.232 s
[INFO] Finished at: 2026-05-09T22:46:02+08:00
[INFO] ------------------------------------------------------------------------
[ERROR] Failed to execute goal org.apache.maven.plugins:maven-compiler-plugin:3.13.0:compile (default-compile) on project LISeasons: Compilation failure
[ERROR] /C:/Users/kmian/Desktop/MCBukkit/LiSeasons/src/main/java/com/liseasons/config/ConfigManager.java:[277,20] вбдкЗНЗЈ loadLayoutIcons(org.bukkit.configuration.file.FileConfiguration,java.lang.String)жаЖЈвхСЫБфСП path
[ERROR] 
[ERROR] -> [Help 1]
[ERROR] 
[ERROR] To see the full stack trace of the errors, re-run Maven with the -e switch.
[ERROR] Re-run Maven using the -X switch to enable full debug logging.
[ERROR] 
[ERROR] For more information about the errors and possible solutions, please read the following articles:
[ERROR] [Help 1] http://cwiki.apache.org/confluence/display/MAVEN/MojoFailureException
